<?xml version="1.0" encoding="UTF-8"?>
<!-- Generated by org.testng.reporters.JUnitReportReporter -->
<testsuite hostname="Amals_HP_Envy" failures="0" tests="6" name="nopcom.autm.tests.RegistrationTests" time="29.350" errors="0" timestamp="2025-11-07T22:36:02 EST" skipped="0">
  <testcase classname="nopcom.autm.tests.RegistrationTests" name="registrationFromExcel" time="3.591"/>
  <testcase classname="nopcom.autm.tests.RegistrationTests" name="registrationFromExcel" time="3.623"/>
  <testcase classname="nopcom.autm.tests.RegistrationTests" name="registrationFromExcel" time="6.183"/>
  <testcase classname="nopcom.autm.tests.RegistrationTests" name="registrationFromExcel" time="3.701"/>
  <testcase classname="nopcom.autm.tests.RegistrationTests" name="registrationFromExcel" time="6.184"/>
  <testcase classname="nopcom.autm.tests.RegistrationTests" name="registrationFromExcel" time="6.068"/>
</testsuite> <!-- nopcom.autm.tests.RegistrationTests -->
