<?xml version="1.0" encoding="UTF-8"?>
<!-- Generated by org.testng.reporters.JUnitReportReporter -->
<testsuite hostname="Amals_HP_Envy" failures="0" tests="2" name="nopcom.autm.tests.RegistrationTests" time="8.214" errors="0" timestamp="2025-11-07T14:51:05 EST" skipped="0">
  <testcase classname="nopcom.autm.tests.RegistrationTests" name="registrationFromExcel" time="3.033"/>
  <testcase classname="nopcom.autm.tests.RegistrationTests" name="registrationFromExcel" time="5.181"/>
</testsuite> <!-- nopcom.autm.tests.RegistrationTests -->
