<?xml version="1.0" encoding="UTF-8"?>
<!-- Generated by org.testng.reporters.JUnitXMLReporter -->
<testsuite ignored="0" hostname="Amals_HP_Envy" failures="0" tests="2" name="RegistrationTests" time="6.878" errors="0" timestamp="2025-11-07T16:20:34 EST">
  <testcase classname="nopcom.autm.tests.RegistrationTests" name="registrationFromExcel" time="3.359"/>
  <testcase classname="nopcom.autm.tests.RegistrationTests" name="registrationFromExcel" time="1.749"/>
</testsuite> <!-- RegistrationTests -->
